<?xml version="1.0" encoding="utf-8"?><testsuites><testsuite errors="0" failures="0" hostname="LAPTOP-S7O07UQB" name="pytest" skipped="0" tests="3" time="6.475" timestamp="2020-09-03T14:48:34.019072"><testcase classname="publicapis" file="publicapis.py" line="22" name="test_response_validation[entries]" time="2.409"></testcase><testcase classname="publicapis" file="publicapis.py" line="22" name="test_response_validation[categories]" time="1.138"></testcase><testcase classname="publicapis" file="publicapis.py" line="22" name="test_response_validation[health]" time="1.150"></testcase></testsuite></testsuites>